[NX Daemon Server] - 2023-11-13T23:57:19.150Z - Started listening on: \\.\pipe\nx\C:\Users\David\AppData\Local\Temp\1333570d747707fc9927\d.sock
[NX Daemon Server] - 2023-11-13T23:57:19.153Z - [WATCHER]: Subscribed to changes within: C:\projects\Comevent (native)
[NX Daemon Server] - 2023-11-13T23:57:19.162Z - Established a connection. Number of open connections: 1
[NX Daemon Server] - 2023-11-13T23:57:19.165Z - Closed a connection. Number of open connections: 0
[NX Daemon Server] - 2023-11-13T23:57:19.166Z - Established a connection. Number of open connections: 1
[NX Daemon Server] - 2023-11-13T23:57:19.168Z - [REQUEST]: Client Request for Project Graph Received
[NX Daemon Server] - 2023-11-13T23:57:20.018Z - Error detected when recomputing project file map: Missing field `projectNodes`
[NX Daemon Server] - 2023-11-13T23:57:20.018Z - [REQUEST]: Responding to the client with an error. Error when preparing serialized project graph. Missing field `projectNodes`
Error: Missing field `projectNodes`
    at getProjectConfigurationsFromContext (C:\projects\Comevent\node_modules\nx\src\utils\workspace-context.js:26:29)
    at _retrieveProjectConfigurations (C:\projects\Comevent\node_modules\nx\src\project-graph\utils\retrieve-workspace-files.js:83:65)
    at retrieveProjectConfigurations (C:\projects\Comevent\node_modules\nx\src\project-graph\utils\retrieve-workspace-files.js:59:12)
    at process.processTicksAndRejections (node:internal/process/task_queues:95:5)
    at async processCollectedUpdatedAndDeletedFiles (C:\projects\Comevent\node_modules\nx\src\daemon\server\project-graph-incremental-recomputation.js:102:34)
    at async processFilesAndCreateAndSerializeProjectGraph (C:\projects\Comevent\node_modules\nx\src\daemon\server\project-graph-incremental-recomputation.js:138:17)
    at async getCachedSerializedProjectGraphPromise (C:\projects\Comevent\node_modules\nx\src\daemon\server\project-graph-incremental-recomputation.js:43:16)
    at async handleRequestProjectGraph (C:\projects\Comevent\node_modules\nx\src\daemon\server\handle-request-project-graph.js:12:24)
    at async handleResult (C:\projects\Comevent\node_modules\nx\src\daemon\server\server.js:110:16)
    at async handleMessage (C:\projects\Comevent\node_modules\nx\src\daemon\server\server.js:81:9) {
  code: 'InvalidArg'
}
[NX Daemon Server] - 2023-11-13T23:57:20.021Z - Time taken for 'hash changed files from watcher' 23.046099990606308ms
[NX Daemon Server] - 2023-11-13T23:57:20.022Z - Done responding to the client null
[NX Daemon Server] - 2023-11-13T23:57:32.658Z - Started listening on: \\.\pipe\nx\C:\Users\David\AppData\Local\Temp\1333570d747707fc9927\d.sock
[NX Daemon Server] - 2023-11-13T23:57:32.662Z - [WATCHER]: Subscribed to changes within: C:\projects\Comevent (native)
[NX Daemon Server] - 2023-11-13T23:57:32.665Z - Established a connection. Number of open connections: 1
[NX Daemon Server] - 2023-11-13T23:57:32.668Z - Closed a connection. Number of open connections: 0
[NX Daemon Server] - 2023-11-13T23:57:32.669Z - Established a connection. Number of open connections: 1
[NX Daemon Server] - 2023-11-13T23:57:32.672Z - [REQUEST]: Client Request for Project Graph Received
[NX Daemon Server] - 2023-11-13T23:57:33.444Z - Error detected when recomputing project file map: Missing field `projectNodes`
[NX Daemon Server] - 2023-11-13T23:57:33.445Z - [REQUEST]: Responding to the client with an error. Error when preparing serialized project graph. Missing field `projectNodes`
Error: Missing field `projectNodes`
    at getProjectConfigurationsFromContext (C:\projects\Comevent\node_modules\nx\src\utils\workspace-context.js:26:29)
    at _retrieveProjectConfigurations (C:\projects\Comevent\node_modules\nx\src\project-graph\utils\retrieve-workspace-files.js:83:65)
    at retrieveProjectConfigurations (C:\projects\Comevent\node_modules\nx\src\project-graph\utils\retrieve-workspace-files.js:59:12)
    at process.processTicksAndRejections (node:internal/process/task_queues:95:5)
    at async processCollectedUpdatedAndDeletedFiles (C:\projects\Comevent\node_modules\nx\src\daemon\server\project-graph-incremental-recomputation.js:102:34)
    at async processFilesAndCreateAndSerializeProjectGraph (C:\projects\Comevent\node_modules\nx\src\daemon\server\project-graph-incremental-recomputation.js:138:17)
    at async getCachedSerializedProjectGraphPromise (C:\projects\Comevent\node_modules\nx\src\daemon\server\project-graph-incremental-recomputation.js:43:16)
    at async handleRequestProjectGraph (C:\projects\Comevent\node_modules\nx\src\daemon\server\handle-request-project-graph.js:12:24)
    at async handleResult (C:\projects\Comevent\node_modules\nx\src\daemon\server\server.js:110:16)
    at async handleMessage (C:\projects\Comevent\node_modules\nx\src\daemon\server\server.js:81:9) {
  code: 'InvalidArg'
}
[NX Daemon Server] - 2023-11-13T23:57:33.448Z - Time taken for 'hash changed files from watcher' 38.81190001964569ms
[NX Daemon Server] - 2023-11-13T23:57:33.449Z - Done responding to the client null
[NX Daemon Server] - 2023-11-14T00:00:48.419Z - Started listening on: \\.\pipe\nx\C:\Users\David\AppData\Local\Temp\1333570d747707fc9927\d.sock
[NX Daemon Server] - 2023-11-14T00:00:48.422Z - [WATCHER]: Subscribed to changes within: C:\projects\Comevent (native)
[NX Daemon Server] - 2023-11-14T00:00:48.428Z - Established a connection. Number of open connections: 1
[NX Daemon Server] - 2023-11-14T00:00:48.432Z - Closed a connection. Number of open connections: 0
[NX Daemon Server] - 2023-11-14T00:00:48.432Z - Established a connection. Number of open connections: 1
[NX Daemon Server] - 2023-11-14T00:00:48.435Z - [REQUEST]: Client Request for Project Graph Received
[NX Daemon Server] - 2023-11-14T00:00:49.389Z - [REQUEST]: Updated file-hasher based on watched changes, recomputing project graph...
[NX Daemon Server] - 2023-11-14T00:00:49.390Z - [REQUEST]: 
[NX Daemon Server] - 2023-11-14T00:00:49.390Z - [REQUEST]: 
[NX Daemon Server] - 2023-11-14T00:00:50.980Z - [REQUEST]: Responding to the client. project-graph
[NX Daemon Server] - 2023-11-14T00:00:50.983Z - Time taken for 'total for creating and serializing project graph' 2544.59399998188ms
[NX Daemon Server] - 2023-11-14T00:00:50.984Z - Done responding to the client project-graph
[NX Daemon Server] - 2023-11-14T00:00:50.984Z - Handled REQUEST_PROJECT_GRAPH. Handling time: 2544. Response time: 5.
[NX Daemon Server] - 2023-11-14T00:00:51.169Z - [REQUEST]: Responding to the client. handleHashTasks
[NX Daemon Server] - 2023-11-14T00:00:51.170Z - Done responding to the client handleHashTasks
[NX Daemon Server] - 2023-11-14T00:00:51.170Z - Handled HASH_TASKS. Handling time: 72. Response time: 1.
[NX Daemon Server] - 2023-11-14T00:00:56.745Z - Established a connection. Number of open connections: 2
[NX Daemon Server] - 2023-11-14T00:00:56.747Z - Closed a connection. Number of open connections: 1
[NX Daemon Server] - 2023-11-14T00:00:56.747Z - Established a connection. Number of open connections: 2
[NX Daemon Server] - 2023-11-14T00:00:56.750Z - [REQUEST]: Client Request for Project Graph Received
[NX Daemon Server] - 2023-11-14T00:00:56.750Z - [REQUEST]: Responding to the client. project-graph
[NX Daemon Server] - 2023-11-14T00:00:56.753Z - Time taken for 'total for creating and serializing project graph' 0.37540000677108765ms
[NX Daemon Server] - 2023-11-14T00:00:56.754Z - Done responding to the client project-graph
[NX Daemon Server] - 2023-11-14T00:00:56.754Z - Handled REQUEST_PROJECT_GRAPH. Handling time: 0. Response time: 4.
[NX Daemon Server] - 2023-11-14T00:00:57.199Z - [WATCHER]: Processing file changes in outputs
[NX Daemon Server] - 2023-11-14T00:00:57.517Z - [WATCHER]: Processing file changes in outputs
[NX Daemon Server] - 2023-11-14T00:00:57.574Z - [WATCHER]: Processing file changes in outputs
[NX Daemon Server] - 2023-11-14T00:00:57.631Z - [WATCHER]: Processing file changes in outputs
[NX Daemon Server] - 2023-11-14T00:00:57.688Z - [WATCHER]: Processing file changes in outputs
[NX Daemon Server] - 2023-11-14T00:00:57.745Z - [WATCHER]: Processing file changes in outputs
[NX Daemon Server] - 2023-11-14T00:00:57.802Z - [WATCHER]: Processing file changes in outputs
[NX Daemon Server] - 2023-11-14T00:00:57.859Z - [WATCHER]: Processing file changes in outputs
[NX Daemon Server] - 2023-11-14T00:00:57.915Z - [WATCHER]: Processing file changes in outputs
[NX Daemon Server] - 2023-11-14T00:00:57.972Z - [WATCHER]: Processing file changes in outputs
[NX Daemon Server] - 2023-11-14T00:00:58.030Z - [WATCHER]: Processing file changes in outputs
[NX Daemon Server] - 2023-11-14T00:00:58.088Z - [WATCHER]: Processing file changes in outputs
[NX Daemon Server] - 2023-11-14T00:00:58.143Z - [WATCHER]: Processing file changes in outputs
[NX Daemon Server] - 2023-11-14T00:00:58.198Z - [WATCHER]: Processing file changes in outputs
[NX Daemon Server] - 2023-11-14T00:00:58.255Z - [WATCHER]: Processing file changes in outputs
[NX Daemon Server] - 2023-11-14T00:00:58.312Z - [WATCHER]: Processing file changes in outputs
[NX Daemon Server] - 2023-11-14T00:00:58.368Z - [WATCHER]: Processing file changes in outputs
[NX Daemon Server] - 2023-11-14T00:00:58.445Z - [WATCHER]: Processing file changes in outputs
[NX Daemon Server] - 2023-11-14T00:00:58.489Z - [WATCHER]: Processing file changes in outputs
[NX Daemon Server] - 2023-11-14T00:00:58.544Z - [WATCHER]: Processing file changes in outputs
[NX Daemon Server] - 2023-11-14T00:00:58.602Z - [WATCHER]: Processing file changes in outputs
[NX Daemon Server] - 2023-11-14T00:00:58.657Z - [WATCHER]: Processing file changes in outputs
[NX Daemon Server] - 2023-11-14T00:00:58.714Z - [WATCHER]: Processing file changes in outputs
[NX Daemon Server] - 2023-11-14T00:00:58.778Z - [WATCHER]: Processing file changes in outputs
[NX Daemon Server] - 2023-11-14T00:00:58.849Z - [WATCHER]: Processing file changes in outputs
[NX Daemon Server] - 2023-11-14T00:00:58.916Z - [WATCHER]: Processing file changes in outputs
[NX Daemon Server] - 2023-11-14T00:01:35.405Z - [WATCHER]: Processing file changes in outputs
[NX Daemon Server] - 2023-11-14T00:01:35.532Z - [WATCHER]: Processing file changes in outputs
[NX Daemon Server] - 2023-11-14T00:01:35.628Z - [WATCHER]: Processing file changes in outputs
[NX Daemon Server] - 2023-11-14T00:01:35.817Z - [WATCHER]: Processing file changes in outputs
[NX Daemon Server] - 2023-11-14T00:01:36.073Z - [WATCHER]: Processing file changes in outputs
[NX Daemon Server] - 2023-11-14T00:01:36.132Z - [WATCHER]: Processing file changes in outputs
[NX Daemon Server] - 2023-11-14T00:01:36.216Z - [WATCHER]: Processing file changes in outputs
[NX Daemon Server] - 2023-11-14T00:01:36.294Z - [WATCHER]: Processing file changes in outputs
[NX Daemon Server] - 2023-11-14T00:01:36.498Z - [WATCHER]: Processing file changes in outputs
[NX Daemon Server] - 2023-11-14T00:01:36.706Z - [WATCHER]: Processing file changes in outputs
[NX Daemon Server] - 2023-11-14T00:01:37.006Z - [WATCHER]: Processing file changes in outputs
[NX Daemon Server] - 2023-11-14T00:01:37.064Z - [WATCHER]: Processing file changes in outputs
[NX Daemon Server] - 2023-11-14T00:01:37.134Z - [WATCHER]: Processing file changes in outputs
[NX Daemon Server] - 2023-11-14T00:01:37.219Z - [WATCHER]: Processing file changes in outputs
[NX Daemon Server] - 2023-11-14T00:01:37.463Z - [WATCHER]: Processing file changes in outputs
[NX Daemon Server] - 2023-11-14T00:01:37.522Z - [WATCHER]: Processing file changes in outputs
[NX Daemon Server] - 2023-11-14T00:01:37.618Z - [WATCHER]: Processing file changes in outputs
[NX Daemon Server] - 2023-11-14T00:01:37.811Z - [WATCHER]: Processing file changes in outputs
[NX Daemon Server] - 2023-11-14T00:01:38.801Z - [WATCHER]: Processing file changes in outputs
[NX Daemon Server] - 2023-11-14T00:01:39.031Z - [WATCHER]: Processing file changes in outputs
[NX Daemon Server] - 2023-11-14T00:01:39.090Z - [WATCHER]: Processing file changes in outputs
[NX Daemon Server] - 2023-11-14T00:01:39.151Z - [WATCHER]: Processing file changes in outputs
[NX Daemon Server] - 2023-11-14T00:01:39.262Z - [WATCHER]: Processing file changes in outputs
[NX Daemon Server] - 2023-11-14T00:01:39.389Z - [WATCHER]: Processing file changes in outputs
[NX Daemon Server] - 2023-11-14T00:01:39.501Z - [WATCHER]: Processing file changes in outputs
[NX Daemon Server] - 2023-11-14T00:01:39.557Z - [WATCHER]: Processing file changes in outputs
[NX Daemon Server] - 2023-11-14T00:01:39.613Z - [WATCHER]: Processing file changes in outputs
[NX Daemon Server] - 2023-11-14T00:01:39.936Z - [WATCHER]: Processing file changes in outputs
[NX Daemon Server] - 2023-11-14T00:01:39.997Z - [WATCHER]: Processing file changes in outputs
[NX Daemon Server] - 2023-11-14T00:01:40.068Z - [WATCHER]: Processing file changes in outputs
[NX Daemon Server] - 2023-11-14T00:01:40.121Z - [WATCHER]: Processing file changes in outputs
[NX Daemon Server] - 2023-11-14T00:01:40.467Z - [WATCHER]: Processing file changes in outputs
[NX Daemon Server] - 2023-11-14T00:01:40.545Z - [WATCHER]: Processing file changes in outputs
[NX Daemon Server] - 2023-11-14T00:01:40.625Z - [WATCHER]: Processing file changes in outputs
[NX Daemon Server] - 2023-11-14T00:01:40.705Z - [WATCHER]: Processing file changes in outputs
[NX Daemon Server] - 2023-11-14T00:01:40.759Z - [WATCHER]: Processing file changes in outputs
[NX Daemon Server] - 2023-11-14T00:01:40.817Z - [WATCHER]: Processing file changes in outputs
[NX Daemon Server] - 2023-11-14T00:01:41.094Z - [WATCHER]: Processing file changes in outputs
[NX Daemon Server] - 2023-11-14T00:01:41.151Z - [WATCHER]: Processing file changes in outputs
[NX Daemon Server] - 2023-11-14T00:01:41.245Z - [WATCHER]: Processing file changes in outputs
[NX Daemon Server] - 2023-11-14T00:01:41.615Z - [WATCHER]: Processing file changes in outputs
[NX Daemon Server] - 2023-11-14T00:01:41.673Z - [WATCHER]: Processing file changes in outputs
[NX Daemon Server] - 2023-11-14T00:01:41.767Z - [WATCHER]: Processing file changes in outputs
[NX Daemon Server] - 2023-11-14T00:01:41.828Z - [WATCHER]: Processing file changes in outputs
[NX Daemon Server] - 2023-11-14T00:01:41.960Z - [WATCHER]: Processing file changes in outputs
[NX Daemon Server] - 2023-11-14T00:01:42.015Z - [WATCHER]: Processing file changes in outputs
[NX Daemon Server] - 2023-11-14T00:01:42.066Z - [WATCHER]: Processing file changes in outputs
[NX Daemon Server] - 2023-11-14T00:01:42.117Z - [WATCHER]: Processing file changes in outputs
[NX Daemon Server] - 2023-11-14T00:01:42.168Z - [WATCHER]: Processing file changes in outputs
[NX Daemon Server] - 2023-11-14T00:01:42.228Z - [WATCHER]: Processing file changes in outputs
[NX Daemon Server] - 2023-11-14T00:01:42.289Z - [WATCHER]: Processing file changes in outputs
[NX Daemon Server] - 2023-11-14T00:01:42.344Z - [WATCHER]: Processing file changes in outputs
[NX Daemon Server] - 2023-11-14T00:01:42.404Z - [WATCHER]: Processing file changes in outputs
[NX Daemon Server] - 2023-11-14T00:01:42.804Z - [WATCHER]: Processing file changes in outputs
[NX Daemon Server] - 2023-11-14T00:01:42.857Z - [WATCHER]: Processing file changes in outputs
[NX Daemon Server] - 2023-11-14T00:01:42.913Z - [WATCHER]: Processing file changes in outputs
[NX Daemon Server] - 2023-11-14T00:01:42.970Z - [WATCHER]: Processing file changes in outputs
[NX Daemon Server] - 2023-11-14T00:01:43.027Z - [WATCHER]: Processing file changes in outputs
[NX Daemon Server] - 2023-11-14T00:01:43.090Z - [WATCHER]: Processing file changes in outputs
[NX Daemon Server] - 2023-11-14T00:01:43.141Z - [WATCHER]: Processing file changes in outputs
[NX Daemon Server] - 2023-11-14T00:01:43.194Z - [WATCHER]: Processing file changes in outputs
[NX Daemon Server] - 2023-11-14T00:01:43.264Z - [WATCHER]: Processing file changes in outputs
[NX Daemon Server] - 2023-11-14T00:01:43.344Z - [WATCHER]: Processing file changes in outputs
[NX Daemon Server] - 2023-11-14T00:01:43.407Z - [WATCHER]: Processing file changes in outputs
[NX Daemon Server] - 2023-11-14T00:01:43.472Z - [WATCHER]: Processing file changes in outputs
[NX Daemon Server] - 2023-11-14T00:01:43.526Z - [WATCHER]: Processing file changes in outputs
[NX Daemon Server] - 2023-11-14T00:01:43.583Z - [WATCHER]: Processing file changes in outputs
[NX Daemon Server] - 2023-11-14T00:01:43.648Z - [WATCHER]: Processing file changes in outputs
[NX Daemon Server] - 2023-11-14T00:01:43.713Z - [WATCHER]: Processing file changes in outputs
[NX Daemon Server] - 2023-11-14T00:01:43.768Z - [WATCHER]: Processing file changes in outputs
[NX Daemon Server] - 2023-11-14T00:01:43.819Z - [WATCHER]: Processing file changes in outputs
[NX Daemon Server] - 2023-11-14T00:01:43.881Z - [WATCHER]: Processing file changes in outputs
[NX Daemon Server] - 2023-11-14T00:01:43.931Z - [WATCHER]: Processing file changes in outputs
[NX Daemon Server] - 2023-11-14T00:01:43.985Z - [WATCHER]: Processing file changes in outputs
[NX Daemon Server] - 2023-11-14T00:01:44.037Z - [WATCHER]: Processing file changes in outputs
[NX Daemon Server] - 2023-11-14T00:01:44.092Z - [WATCHER]: Processing file changes in outputs
[NX Daemon Server] - 2023-11-14T00:01:44.145Z - [WATCHER]: Processing file changes in outputs
[NX Daemon Server] - 2023-11-14T00:01:44.204Z - [WATCHER]: Processing file changes in outputs
[NX Daemon Server] - 2023-11-14T00:01:44.268Z - [WATCHER]: Processing file changes in outputs
[NX Daemon Server] - 2023-11-14T00:01:44.353Z - [WATCHER]: Processing file changes in outputs
[NX Daemon Server] - 2023-11-14T00:01:44.407Z - [WATCHER]: Processing file changes in outputs
[NX Daemon Server] - 2023-11-14T00:01:44.458Z - [WATCHER]: Processing file changes in outputs
[NX Daemon Server] - 2023-11-14T00:01:44.514Z - [WATCHER]: Processing file changes in outputs
[NX Daemon Server] - 2023-11-14T00:01:44.569Z - [WATCHER]: Processing file changes in outputs
[NX Daemon Server] - 2023-11-14T00:01:44.632Z - [WATCHER]: Processing file changes in outputs
[NX Daemon Server] - 2023-11-14T00:01:44.726Z - [WATCHER]: Processing file changes in outputs
[NX Daemon Server] - 2023-11-14T00:01:44.777Z - [WATCHER]: Processing file changes in outputs
[NX Daemon Server] - 2023-11-14T00:01:44.880Z - [WATCHER]: Processing file changes in outputs
[NX Daemon Server] - 2023-11-14T00:01:44.939Z - [WATCHER]: Processing file changes in outputs
[NX Daemon Server] - 2023-11-14T00:01:44.997Z - [WATCHER]: Processing file changes in outputs
[NX Daemon Server] - 2023-11-14T00:01:45.059Z - [WATCHER]: Processing file changes in outputs
[NX Daemon Server] - 2023-11-14T00:01:45.114Z - [WATCHER]: Processing file changes in outputs
[NX Daemon Server] - 2023-11-14T00:01:45.171Z - [WATCHER]: Processing file changes in outputs
[NX Daemon Server] - 2023-11-14T00:01:45.226Z - [WATCHER]: Processing file changes in outputs
[NX Daemon Server] - 2023-11-14T00:01:45.293Z - [WATCHER]: Processing file changes in outputs
[NX Daemon Server] - 2023-11-14T00:01:45.345Z - [WATCHER]: Processing file changes in outputs
[NX Daemon Server] - 2023-11-14T00:01:45.405Z - [WATCHER]: Processing file changes in outputs
[NX Daemon Server] - 2023-11-14T00:01:45.459Z - [WATCHER]: Processing file changes in outputs
[NX Daemon Server] - 2023-11-14T00:01:45.534Z - [WATCHER]: Processing file changes in outputs
[NX Daemon Server] - 2023-11-14T00:01:45.586Z - [WATCHER]: Processing file changes in outputs
[NX Daemon Server] - 2023-11-14T00:01:45.641Z - [WATCHER]: Processing file changes in outputs
[NX Daemon Server] - 2023-11-14T00:01:45.707Z - [WATCHER]: Processing file changes in outputs
[NX Daemon Server] - 2023-11-14T00:01:50.403Z - [WATCHER]: Processing file changes in outputs
[NX Daemon Server] - 2023-11-14T00:01:50.514Z - [WATCHER]: Processing file changes in outputs
[NX Daemon Server] - 2023-11-14T00:07:51.050Z - [WATCHER]: Processing file changes in outputs
[NX Daemon Server] - 2023-11-14T00:07:51.058Z - [WATCHER]: frontend/app/src/common/services/baseResorces.service.ts was modified
[NX Daemon Server] - 2023-11-14T00:07:51.303Z - [REQUEST]: Updated file-hasher based on watched changes, recomputing project graph...
[NX Daemon Server] - 2023-11-14T00:07:51.303Z - [REQUEST]: frontend/app/src/common/services/baseResorces.service.ts
[NX Daemon Server] - 2023-11-14T00:07:51.303Z - [REQUEST]: 
[NX Daemon Server] - 2023-11-14T00:07:51.923Z - Time taken for 'hash changed files from watcher' 4.402899980545044ms
[NX Daemon Server] - 2023-11-14T00:07:53.470Z - [WATCHER]: Processing file changes in outputs
[NX Daemon Server] - 2023-11-14T00:08:54.020Z - [WATCHER]: Processing file changes in outputs
[NX Daemon Server] - 2023-11-14T00:08:54.763Z - [WATCHER]: Processing file changes in outputs
[NX Daemon Server] - 2023-11-14T00:08:56.874Z - [WATCHER]: Processing file changes in outputs
[NX Daemon Server] - 2023-11-14T00:10:45.663Z - Closed a connection. Number of open connections: 1
[NX Daemon Server] - 2023-11-14T00:10:45.664Z - Closed a connection. Number of open connections: 0
[NX Daemon Server] - 2023-11-14T00:10:52.856Z - Established a connection. Number of open connections: 1
[NX Daemon Server] - 2023-11-14T00:10:52.857Z - Closed a connection. Number of open connections: 0
[NX Daemon Server] - 2023-11-14T00:10:52.857Z - Established a connection. Number of open connections: 1
[NX Daemon Server] - 2023-11-14T00:10:52.859Z - [REQUEST]: Client Request for Project Graph Received
[NX Daemon Server] - 2023-11-14T00:10:52.859Z - [REQUEST]: Responding to the client. project-graph
[NX Daemon Server] - 2023-11-14T00:10:52.864Z - Time taken for 'total for creating and serializing project graph' 0.4564000070095062ms
[NX Daemon Server] - 2023-11-14T00:10:52.864Z - Done responding to the client project-graph
[NX Daemon Server] - 2023-11-14T00:10:52.864Z - Handled REQUEST_PROJECT_GRAPH. Handling time: 0. Response time: 5.
[NX Daemon Server] - 2023-11-14T00:10:53.143Z - [REQUEST]: Responding to the client. handleHashTasks
[NX Daemon Server] - 2023-11-14T00:10:53.143Z - Done responding to the client handleHashTasks
[NX Daemon Server] - 2023-11-14T00:10:53.143Z - Handled HASH_TASKS. Handling time: 70. Response time: 0.
[NX Daemon Server] - 2023-11-14T00:10:55.880Z - Established a connection. Number of open connections: 2
[NX Daemon Server] - 2023-11-14T00:10:55.882Z - Closed a connection. Number of open connections: 1
[NX Daemon Server] - 2023-11-14T00:10:55.882Z - Established a connection. Number of open connections: 2
[NX Daemon Server] - 2023-11-14T00:10:55.884Z - [REQUEST]: Client Request for Project Graph Received
[NX Daemon Server] - 2023-11-14T00:10:55.884Z - [REQUEST]: Responding to the client. project-graph
[NX Daemon Server] - 2023-11-14T00:10:55.887Z - Time taken for 'total for creating and serializing project graph' 0.15529999136924744ms
[NX Daemon Server] - 2023-11-14T00:10:55.887Z - Done responding to the client project-graph
[NX Daemon Server] - 2023-11-14T00:10:55.887Z - Handled REQUEST_PROJECT_GRAPH. Handling time: 0. Response time: 3.
[NX Daemon Server] - 2023-11-14T00:11:16.920Z - [WATCHER]: Processing file changes in outputs
[NX Daemon Server] - 2023-11-14T00:11:17.058Z - [WATCHER]: Processing file changes in outputs
[NX Daemon Server] - 2023-11-14T00:11:42.859Z - [WATCHER]: Processing file changes in outputs
[NX Daemon Server] - 2023-11-14T00:11:42.861Z - [WATCHER]: frontend/app/project.json was modified
[NX Daemon Server] - 2023-11-14T00:11:43.025Z - [REQUEST]: Updated file-hasher based on watched changes, recomputing project graph...
[NX Daemon Server] - 2023-11-14T00:11:43.025Z - [REQUEST]: frontend/app/project.json
[NX Daemon Server] - 2023-11-14T00:11:43.025Z - [REQUEST]: 
[NX Daemon Server] - 2023-11-14T00:11:43.308Z - Time taken for 'hash changed files from watcher' 11.098800003528595ms
[NX Daemon Server] - 2023-11-14T00:12:04.049Z - Closed a connection. Number of open connections: 1
[NX Daemon Server] - 2023-11-14T00:12:04.049Z - Closed a connection. Number of open connections: 0
[NX Daemon Server] - 2023-11-14T00:12:06.821Z - Established a connection. Number of open connections: 1
[NX Daemon Server] - 2023-11-14T00:12:06.822Z - Closed a connection. Number of open connections: 0
[NX Daemon Server] - 2023-11-14T00:12:06.822Z - Established a connection. Number of open connections: 1
[NX Daemon Server] - 2023-11-14T00:12:06.825Z - [REQUEST]: Client Request for Project Graph Received
[NX Daemon Server] - 2023-11-14T00:12:06.825Z - [REQUEST]: Responding to the client. project-graph
[NX Daemon Server] - 2023-11-14T00:12:06.828Z - Time taken for 'total for creating and serializing project graph' 0.301800012588501ms
[NX Daemon Server] - 2023-11-14T00:12:06.828Z - Done responding to the client project-graph
[NX Daemon Server] - 2023-11-14T00:12:06.828Z - Handled REQUEST_PROJECT_GRAPH. Handling time: 0. Response time: 3.
[NX Daemon Server] - 2023-11-14T00:12:06.925Z - [REQUEST]: Responding to the client. handleHashTasks
[NX Daemon Server] - 2023-11-14T00:12:06.927Z - Done responding to the client handleHashTasks
[NX Daemon Server] - 2023-11-14T00:12:06.927Z - Handled HASH_TASKS. Handling time: 66. Response time: 2.
[NX Daemon Server] - 2023-11-14T00:12:07.536Z - Established a connection. Number of open connections: 2
[NX Daemon Server] - 2023-11-14T00:12:07.537Z - Closed a connection. Number of open connections: 1
[NX Daemon Server] - 2023-11-14T00:12:07.537Z - Established a connection. Number of open connections: 2
[NX Daemon Server] - 2023-11-14T00:12:07.539Z - [REQUEST]: Client Request for Project Graph Received
[NX Daemon Server] - 2023-11-14T00:12:07.539Z - [REQUEST]: Responding to the client. project-graph
[NX Daemon Server] - 2023-11-14T00:12:07.542Z - Time taken for 'total for creating and serializing project graph' 0.15309998393058777ms
[NX Daemon Server] - 2023-11-14T00:12:07.542Z - Done responding to the client project-graph
[NX Daemon Server] - 2023-11-14T00:12:07.542Z - Handled REQUEST_PROJECT_GRAPH. Handling time: 0. Response time: 3.
[NX Daemon Server] - 2023-11-14T00:12:17.408Z - [WATCHER]: Processing file changes in outputs
[NX Daemon Server] - 2023-11-14T00:12:17.470Z - [WATCHER]: Processing file changes in outputs
[NX Daemon Server] - 2023-11-14T00:12:17.535Z - [WATCHER]: Processing file changes in outputs
[NX Daemon Server] - 2023-11-14T00:12:17.594Z - [WATCHER]: Processing file changes in outputs
[NX Daemon Server] - 2023-11-14T00:12:17.662Z - [WATCHER]: Processing file changes in outputs
[NX Daemon Server] - 2023-11-14T00:12:17.726Z - [WATCHER]: Processing file changes in outputs
[NX Daemon Server] - 2023-11-14T00:12:17.781Z - [WATCHER]: Processing file changes in outputs
[NX Daemon Server] - 2023-11-14T00:12:17.852Z - [WATCHER]: Processing file changes in outputs
[NX Daemon Server] - 2023-11-14T00:12:17.911Z - [WATCHER]: Processing file changes in outputs
[NX Daemon Server] - 2023-11-14T00:12:17.977Z - [WATCHER]: Processing file changes in outputs
[NX Daemon Server] - 2023-11-14T00:12:18.034Z - [WATCHER]: Processing file changes in outputs
[NX Daemon Server] - 2023-11-14T00:12:18.097Z - [WATCHER]: Processing file changes in outputs
[NX Daemon Server] - 2023-11-14T00:12:18.154Z - [WATCHER]: Processing file changes in outputs
[NX Daemon Server] - 2023-11-14T00:12:18.218Z - [WATCHER]: Processing file changes in outputs
[NX Daemon Server] - 2023-11-14T00:12:18.283Z - [WATCHER]: Processing file changes in outputs
[NX Daemon Server] - 2023-11-14T00:12:20.498Z - [WATCHER]: Processing file changes in outputs
[NX Daemon Server] - 2023-11-14T00:12:20.562Z - [WATCHER]: Processing file changes in outputs
[NX Daemon Server] - 2023-11-14T00:12:20.631Z - [WATCHER]: Processing file changes in outputs
[NX Daemon Server] - 2023-11-14T00:12:20.691Z - [WATCHER]: Processing file changes in outputs
[NX Daemon Server] - 2023-11-14T00:12:20.753Z - [WATCHER]: Processing file changes in outputs
[NX Daemon Server] - 2023-11-14T00:12:20.817Z - [WATCHER]: Processing file changes in outputs
[NX Daemon Server] - 2023-11-14T00:12:20.875Z - [WATCHER]: Processing file changes in outputs
[NX Daemon Server] - 2023-11-14T00:12:20.927Z - [WATCHER]: Processing file changes in outputs
[NX Daemon Server] - 2023-11-14T00:12:20.990Z - [WATCHER]: Processing file changes in outputs
[NX Daemon Server] - 2023-11-14T00:12:23.778Z - [WATCHER]: Processing file changes in outputs
[NX Daemon Server] - 2023-11-14T00:12:23.890Z - [WATCHER]: Processing file changes in outputs
[NX Daemon Server] - 2023-11-14T00:12:51.597Z - Closed a connection. Number of open connections: 1
[NX Daemon Server] - 2023-11-14T00:12:51.598Z - Closed a connection. Number of open connections: 0
[NX Daemon Server] - 2023-11-14T00:12:56.880Z - Established a connection. Number of open connections: 1
[NX Daemon Server] - 2023-11-14T00:12:56.881Z - Closed a connection. Number of open connections: 0
[NX Daemon Server] - 2023-11-14T00:12:56.881Z - Established a connection. Number of open connections: 1
[NX Daemon Server] - 2023-11-14T00:12:56.884Z - [REQUEST]: Client Request for Project Graph Received
[NX Daemon Server] - 2023-11-14T00:12:56.884Z - [REQUEST]: Responding to the client. project-graph
[NX Daemon Server] - 2023-11-14T00:12:56.889Z - Time taken for 'total for creating and serializing project graph' 0.21709999442100525ms
[NX Daemon Server] - 2023-11-14T00:12:56.890Z - Done responding to the client project-graph
[NX Daemon Server] - 2023-11-14T00:12:56.890Z - Handled REQUEST_PROJECT_GRAPH. Handling time: 0. Response time: 6.
[NX Daemon Server] - 2023-11-14T00:12:56.939Z - [REQUEST]: Responding to the client. handleHashTasks
[NX Daemon Server] - 2023-11-14T00:12:56.940Z - Done responding to the client handleHashTasks
[NX Daemon Server] - 2023-11-14T00:12:56.940Z - Handled HASH_TASKS. Handling time: 7. Response time: 1.
[NX Daemon Server] - 2023-11-14T00:12:57.611Z - [REQUEST]: Responding to the client. recordOutputsHash
[NX Daemon Server] - 2023-11-14T00:12:57.611Z - Done responding to the client recordOutputsHash
[NX Daemon Server] - 2023-11-14T00:12:57.611Z - Handled RECORD_OUTPUTS_HASH. Handling time: 0. Response time: 0.
[NX Daemon Server] - 2023-11-14T00:12:57.620Z - Closed a connection. Number of open connections: 0
[NX Daemon Server] - 2023-11-14T00:13:16.455Z - Established a connection. Number of open connections: 1
[NX Daemon Server] - 2023-11-14T00:13:16.455Z - Closed a connection. Number of open connections: 0
[NX Daemon Server] - 2023-11-14T00:13:16.456Z - Established a connection. Number of open connections: 1
[NX Daemon Server] - 2023-11-14T00:13:16.459Z - [REQUEST]: Client Request for Project Graph Received
[NX Daemon Server] - 2023-11-14T00:13:16.459Z - [REQUEST]: Responding to the client. project-graph
[NX Daemon Server] - 2023-11-14T00:13:16.462Z - Time taken for 'total for creating and serializing project graph' 0.20180001854896545ms
[NX Daemon Server] - 2023-11-14T00:13:16.463Z - Done responding to the client project-graph
[NX Daemon Server] - 2023-11-14T00:13:16.463Z - Handled REQUEST_PROJECT_GRAPH. Handling time: 1. Response time: 4.
[NX Daemon Server] - 2023-11-14T00:13:16.496Z - [REQUEST]: Responding to the client. handleHashTasks
[NX Daemon Server] - 2023-11-14T00:13:16.497Z - Done responding to the client handleHashTasks
[NX Daemon Server] - 2023-11-14T00:13:16.497Z - Handled HASH_TASKS. Handling time: 2. Response time: 1.
[NX Daemon Server] - 2023-11-14T00:13:17.730Z - [REQUEST]: Responding to the client. recordOutputsHash
[NX Daemon Server] - 2023-11-14T00:13:17.730Z - Done responding to the client recordOutputsHash
[NX Daemon Server] - 2023-11-14T00:13:17.731Z - Handled RECORD_OUTPUTS_HASH. Handling time: 0. Response time: 1.
[NX Daemon Server] - 2023-11-14T00:13:17.742Z - Closed a connection. Number of open connections: 0
[NX Daemon Server] - 2023-11-14T00:13:32.351Z - Established a connection. Number of open connections: 1
[NX Daemon Server] - 2023-11-14T00:13:32.351Z - Closed a connection. Number of open connections: 0
[NX Daemon Server] - 2023-11-14T00:13:32.352Z - Established a connection. Number of open connections: 1
[NX Daemon Server] - 2023-11-14T00:13:32.354Z - [REQUEST]: Client Request for Project Graph Received
[NX Daemon Server] - 2023-11-14T00:13:32.355Z - [REQUEST]: Responding to the client. project-graph
[NX Daemon Server] - 2023-11-14T00:13:32.358Z - Time taken for 'total for creating and serializing project graph' 0.18879997730255127ms
[NX Daemon Server] - 2023-11-14T00:13:32.359Z - Done responding to the client project-graph
[NX Daemon Server] - 2023-11-14T00:13:32.359Z - Handled REQUEST_PROJECT_GRAPH. Handling time: 1. Response time: 4.
[NX Daemon Server] - 2023-11-14T00:13:32.393Z - [REQUEST]: Responding to the client. handleHashTasks
[NX Daemon Server] - 2023-11-14T00:13:32.394Z - Done responding to the client handleHashTasks
[NX Daemon Server] - 2023-11-14T00:13:32.395Z - Handled HASH_TASKS. Handling time: 2. Response time: 2.
[NX Daemon Server] - 2023-11-14T00:13:47.810Z - [WATCHER]: Processing file changes in outputs
[NX Daemon Server] - 2023-11-14T00:15:38.932Z - Closed a connection. Number of open connections: 0
[NX Daemon Server] - 2023-11-14T00:15:43.205Z - Established a connection. Number of open connections: 1
[NX Daemon Server] - 2023-11-14T00:15:43.205Z - Closed a connection. Number of open connections: 0
[NX Daemon Server] - 2023-11-14T00:15:43.207Z - Established a connection. Number of open connections: 1
[NX Daemon Server] - 2023-11-14T00:15:43.210Z - [REQUEST]: Client Request for Project Graph Received
[NX Daemon Server] - 2023-11-14T00:15:43.210Z - [REQUEST]: Responding to the client. project-graph
[NX Daemon Server] - 2023-11-14T00:15:43.214Z - Time taken for 'total for creating and serializing project graph' 0.26669999957084656ms
[NX Daemon Server] - 2023-11-14T00:15:43.214Z - Done responding to the client project-graph
[NX Daemon Server] - 2023-11-14T00:15:43.214Z - Handled REQUEST_PROJECT_GRAPH. Handling time: 0. Response time: 4.
[NX Daemon Server] - 2023-11-14T00:15:43.253Z - [REQUEST]: Responding to the client. handleHashTasks
[NX Daemon Server] - 2023-11-14T00:15:43.254Z - Done responding to the client handleHashTasks
[NX Daemon Server] - 2023-11-14T00:15:43.254Z - Handled HASH_TASKS. Handling time: 3. Response time: 1.
[NX Daemon Server] - 2023-11-14T00:15:44.677Z - [WATCHER]: Processing file changes in outputs
[NX Daemon Server] - 2023-11-14T00:15:53.443Z - [WATCHER]: Processing file changes in outputs
[NX Daemon Server] - 2023-11-14T00:16:00.208Z - Closed a connection. Number of open connections: 0
[NX Daemon Server] - 2023-11-14T00:16:14.032Z - Established a connection. Number of open connections: 1
[NX Daemon Server] - 2023-11-14T00:16:14.032Z - Closed a connection. Number of open connections: 0
[NX Daemon Server] - 2023-11-14T00:16:14.033Z - Established a connection. Number of open connections: 1
[NX Daemon Server] - 2023-11-14T00:16:14.035Z - [REQUEST]: Client Request for Project Graph Received
[NX Daemon Server] - 2023-11-14T00:16:14.035Z - [REQUEST]: Responding to the client. project-graph
[NX Daemon Server] - 2023-11-14T00:16:14.039Z - Time taken for 'total for creating and serializing project graph' 0.17740002274513245ms
[NX Daemon Server] - 2023-11-14T00:16:14.040Z - Done responding to the client project-graph
[NX Daemon Server] - 2023-11-14T00:16:14.040Z - Handled REQUEST_PROJECT_GRAPH. Handling time: 0. Response time: 5.
[NX Daemon Server] - 2023-11-14T00:16:14.075Z - [REQUEST]: Responding to the client. handleHashTasks
[NX Daemon Server] - 2023-11-14T00:16:14.076Z - Done responding to the client handleHashTasks
[NX Daemon Server] - 2023-11-14T00:16:14.077Z - Handled HASH_TASKS. Handling time: 2. Response time: 2.
[NX Daemon Server] - 2023-11-14T00:16:15.550Z - [WATCHER]: Processing file changes in outputs
[NX Daemon Server] - 2023-11-14T00:16:24.210Z - [WATCHER]: Processing file changes in outputs
[NX Daemon Server] - 2023-11-14T00:17:12.409Z - Closed a connection. Number of open connections: 0
[NX Daemon Server] - 2023-11-14T00:17:19.132Z - Established a connection. Number of open connections: 1
[NX Daemon Server] - 2023-11-14T00:17:19.132Z - Closed a connection. Number of open connections: 0
[NX Daemon Server] - 2023-11-14T00:17:19.133Z - Established a connection. Number of open connections: 1
[NX Daemon Server] - 2023-11-14T00:17:19.136Z - [REQUEST]: Client Request for Project Graph Received
[NX Daemon Server] - 2023-11-14T00:17:19.136Z - [REQUEST]: Responding to the client. project-graph
[NX Daemon Server] - 2023-11-14T00:17:19.139Z - Time taken for 'total for creating and serializing project graph' 0.15839999914169312ms
[NX Daemon Server] - 2023-11-14T00:17:19.140Z - Done responding to the client project-graph
[NX Daemon Server] - 2023-11-14T00:17:19.140Z - Handled REQUEST_PROJECT_GRAPH. Handling time: 0. Response time: 4.
[NX Daemon Server] - 2023-11-14T00:17:19.224Z - [REQUEST]: Responding to the client. handleHashTasks
[NX Daemon Server] - 2023-11-14T00:17:19.225Z - Done responding to the client handleHashTasks
[NX Daemon Server] - 2023-11-14T00:17:19.225Z - Handled HASH_TASKS. Handling time: 3. Response time: 1.
[NX Daemon Server] - 2023-11-14T00:17:19.814Z - Established a connection. Number of open connections: 2
[NX Daemon Server] - 2023-11-14T00:17:19.815Z - Closed a connection. Number of open connections: 1
[NX Daemon Server] - 2023-11-14T00:17:19.816Z - Established a connection. Number of open connections: 2
[NX Daemon Server] - 2023-11-14T00:17:19.818Z - [REQUEST]: Client Request for Project Graph Received
[NX Daemon Server] - 2023-11-14T00:17:19.818Z - [REQUEST]: Responding to the client. project-graph
[NX Daemon Server] - 2023-11-14T00:17:19.822Z - Time taken for 'total for creating and serializing project graph' 0.23960000276565552ms
[NX Daemon Server] - 2023-11-14T00:17:19.822Z - Done responding to the client project-graph
[NX Daemon Server] - 2023-11-14T00:17:19.822Z - Handled REQUEST_PROJECT_GRAPH. Handling time: 0. Response time: 4.
[NX Daemon Server] - 2023-11-14T00:17:35.281Z - Closed a connection. Number of open connections: 1
[NX Daemon Server] - 2023-11-14T00:17:35.297Z - [REQUEST]: Responding to the client. recordOutputsHash
[NX Daemon Server] - 2023-11-14T00:17:35.297Z - Done responding to the client recordOutputsHash
[NX Daemon Server] - 2023-11-14T00:17:35.297Z - Handled RECORD_OUTPUTS_HASH. Handling time: 0. Response time: 0.
[NX Daemon Server] - 2023-11-14T00:17:35.306Z - Closed a connection. Number of open connections: 0
[NX Daemon Server] - 2023-11-14T00:19:01.935Z - Established a connection. Number of open connections: 1
[NX Daemon Server] - 2023-11-14T00:19:01.935Z - Closed a connection. Number of open connections: 0
[NX Daemon Server] - 2023-11-14T00:19:01.936Z - Established a connection. Number of open connections: 1
[NX Daemon Server] - 2023-11-14T00:19:01.938Z - [REQUEST]: Client Request for Project Graph Received
[NX Daemon Server] - 2023-11-14T00:19:01.938Z - [REQUEST]: Responding to the client. project-graph
[NX Daemon Server] - 2023-11-14T00:19:01.941Z - Time taken for 'total for creating and serializing project graph' 0.16659998893737793ms
[NX Daemon Server] - 2023-11-14T00:19:01.942Z - Done responding to the client project-graph
[NX Daemon Server] - 2023-11-14T00:19:01.942Z - Handled REQUEST_PROJECT_GRAPH. Handling time: 0. Response time: 4.
[NX Daemon Server] - 2023-11-14T00:19:01.978Z - [REQUEST]: Responding to the client. handleHashTasks
[NX Daemon Server] - 2023-11-14T00:19:01.979Z - Done responding to the client handleHashTasks
[NX Daemon Server] - 2023-11-14T00:19:01.979Z - Handled HASH_TASKS. Handling time: 2. Response time: 1.
[NX Daemon Server] - 2023-11-14T00:19:02.579Z - Established a connection. Number of open connections: 2
[NX Daemon Server] - 2023-11-14T00:19:02.580Z - Closed a connection. Number of open connections: 1
[NX Daemon Server] - 2023-11-14T00:19:02.580Z - Established a connection. Number of open connections: 2
[NX Daemon Server] - 2023-11-14T00:19:02.582Z - [REQUEST]: Client Request for Project Graph Received
[NX Daemon Server] - 2023-11-14T00:19:02.582Z - [REQUEST]: Responding to the client. project-graph
[NX Daemon Server] - 2023-11-14T00:19:02.585Z - Time taken for 'total for creating and serializing project graph' 0.16349998116493225ms
[NX Daemon Server] - 2023-11-14T00:19:02.585Z - Done responding to the client project-graph
[NX Daemon Server] - 2023-11-14T00:19:02.585Z - Handled REQUEST_PROJECT_GRAPH. Handling time: 0. Response time: 3.
[NX Daemon Server] - 2023-11-14T00:19:14.626Z - [WATCHER]: Processing file changes in outputs
[NX Daemon Server] - 2023-11-14T00:19:14.627Z - [WATCHER]: frontend/ui/documentation.json was modified
[NX Daemon Server] - 2023-11-14T00:19:14.771Z - [REQUEST]: Updated file-hasher based on watched changes, recomputing project graph...
[NX Daemon Server] - 2023-11-14T00:19:14.771Z - [REQUEST]: frontend/ui/documentation.json
[NX Daemon Server] - 2023-11-14T00:19:14.772Z - [REQUEST]: 
[NX Daemon Server] - 2023-11-14T00:19:14.916Z - Time taken for 'hash changed files from watcher' 0.9275000095367432ms
[NX Daemon Server] - 2023-11-14T00:19:15.911Z - Closed a connection. Number of open connections: 1
[NX Daemon Server] - 2023-11-14T00:19:15.925Z - [REQUEST]: Responding to the client. recordOutputsHash
[NX Daemon Server] - 2023-11-14T00:19:15.925Z - Done responding to the client recordOutputsHash
[NX Daemon Server] - 2023-11-14T00:19:15.925Z - Handled RECORD_OUTPUTS_HASH. Handling time: 0. Response time: 0.
[NX Daemon Server] - 2023-11-14T00:19:15.935Z - Closed a connection. Number of open connections: 0
[NX Daemon Server] - 2023-11-14T00:19:51.134Z - Established a connection. Number of open connections: 1
[NX Daemon Server] - 2023-11-14T00:19:51.134Z - Closed a connection. Number of open connections: 0
[NX Daemon Server] - 2023-11-14T00:19:51.135Z - Established a connection. Number of open connections: 1
[NX Daemon Server] - 2023-11-14T00:19:51.139Z - [REQUEST]: Client Request for Project Graph Received
[NX Daemon Server] - 2023-11-14T00:19:51.139Z - [REQUEST]: Responding to the client. project-graph
[NX Daemon Server] - 2023-11-14T00:19:51.143Z - Time taken for 'total for creating and serializing project graph' 0.3758000135421753ms
[NX Daemon Server] - 2023-11-14T00:19:51.143Z - Done responding to the client project-graph
[NX Daemon Server] - 2023-11-14T00:19:51.143Z - Handled REQUEST_PROJECT_GRAPH. Handling time: 0. Response time: 4.
[NX Daemon Server] - 2023-11-14T00:19:51.262Z - [REQUEST]: Responding to the client. handleHashTasks
[NX Daemon Server] - 2023-11-14T00:19:51.263Z - Done responding to the client handleHashTasks
[NX Daemon Server] - 2023-11-14T00:19:51.263Z - Handled HASH_TASKS. Handling time: 78. Response time: 1.
[NX Daemon Server] - 2023-11-14T00:19:51.910Z - Established a connection. Number of open connections: 2
[NX Daemon Server] - 2023-11-14T00:19:51.911Z - Closed a connection. Number of open connections: 1
[NX Daemon Server] - 2023-11-14T00:19:51.912Z - Established a connection. Number of open connections: 2
[NX Daemon Server] - 2023-11-14T00:19:51.914Z - [REQUEST]: Client Request for Project Graph Received
[NX Daemon Server] - 2023-11-14T00:19:51.914Z - [REQUEST]: Responding to the client. project-graph
[NX Daemon Server] - 2023-11-14T00:19:51.917Z - Time taken for 'total for creating and serializing project graph' 0.16409999132156372ms
[NX Daemon Server] - 2023-11-14T00:19:51.917Z - Done responding to the client project-graph
[NX Daemon Server] - 2023-11-14T00:19:51.917Z - Handled REQUEST_PROJECT_GRAPH. Handling time: 0. Response time: 3.
[NX Daemon Server] - 2023-11-14T00:19:58.981Z - [WATCHER]: frontend/ui/documentation.json was modified
[NX Daemon Server] - 2023-11-14T00:19:58.982Z - [WATCHER]: Processing file changes in outputs
[NX Daemon Server] - 2023-11-14T00:19:59.126Z - [REQUEST]: Updated file-hasher based on watched changes, recomputing project graph...
[NX Daemon Server] - 2023-11-14T00:19:59.126Z - [REQUEST]: frontend/ui/documentation.json
[NX Daemon Server] - 2023-11-14T00:19:59.126Z - [REQUEST]: 
[NX Daemon Server] - 2023-11-14T00:19:59.234Z - Time taken for 'hash changed files from watcher' 0.9341999888420105ms
[NX Daemon Server] - 2023-11-14T00:20:19.952Z - [WATCHER]: Processing file changes in outputs
[NX Daemon Server] - 2023-11-14T00:20:20.030Z - [WATCHER]: Processing file changes in outputs
[NX Daemon Server] - 2023-11-14T00:20:21.942Z - [WATCHER]: Processing file changes in outputs
[NX Daemon Server] - 2023-11-14T00:20:22.098Z - [WATCHER]: Processing file changes in outputs
[NX Daemon Server] - 2023-11-14T00:20:22.622Z - [WATCHER]: Processing file changes in outputs
[NX Daemon Server] - 2023-11-14T00:20:22.710Z - [WATCHER]: Processing file changes in outputs
[NX Daemon Server] - 2023-11-14T00:20:22.775Z - [WATCHER]: Processing file changes in outputs
[NX Daemon Server] - 2023-11-14T00:20:22.827Z - [WATCHER]: Processing file changes in outputs
[NX Daemon Server] - 2023-11-14T00:20:22.889Z - [WATCHER]: Processing file changes in outputs
[NX Daemon Server] - 2023-11-14T00:20:22.965Z - [WATCHER]: Processing file changes in outputs
[NX Daemon Server] - 2023-11-14T00:20:23.045Z - [WATCHER]: Processing file changes in outputs
[NX Daemon Server] - 2023-11-14T00:20:23.105Z - [WATCHER]: Processing file changes in outputs
[NX Daemon Server] - 2023-11-14T00:20:23.227Z - [WATCHER]: Processing file changes in outputs
[NX Daemon Server] - 2023-11-14T00:20:25.037Z - [WATCHER]: Processing file changes in outputs
[NX Daemon Server] - 2023-11-14T00:20:25.233Z - [WATCHER]: Processing file changes in outputs
[NX Daemon Server] - 2023-11-14T00:20:25.292Z - [WATCHER]: Processing file changes in outputs
[NX Daemon Server] - 2023-11-14T00:20:25.354Z - [WATCHER]: Processing file changes in outputs
[NX Daemon Server] - 2023-11-14T00:20:25.418Z - [WATCHER]: Processing file changes in outputs
[NX Daemon Server] - 2023-11-14T00:20:25.504Z - [WATCHER]: Processing file changes in outputs
[NX Daemon Server] - 2023-11-14T00:20:25.562Z - [WATCHER]: Processing file changes in outputs
[NX Daemon Server] - 2023-11-14T00:20:25.624Z - [WATCHER]: Processing file changes in outputs
[NX Daemon Server] - 2023-11-14T00:20:25.688Z - [WATCHER]: Processing file changes in outputs
[NX Daemon Server] - 2023-11-14T00:20:26.144Z - [WATCHER]: Processing file changes in outputs
[NX Daemon Server] - 2023-11-14T00:20:26.208Z - [WATCHER]: Processing file changes in outputs
[NX Daemon Server] - 2023-11-14T00:20:26.272Z - [WATCHER]: Processing file changes in outputs
[NX Daemon Server] - 2023-11-14T00:20:26.400Z - [WATCHER]: Processing file changes in outputs
[NX Daemon Server] - 2023-11-14T00:20:26.480Z - [WATCHER]: Processing file changes in outputs
[NX Daemon Server] - 2023-11-14T00:20:26.544Z - [WATCHER]: Processing file changes in outputs
[NX Daemon Server] - 2023-11-14T00:20:26.640Z - [WATCHER]: Processing file changes in outputs
[NX Daemon Server] - 2023-11-14T00:20:26.703Z - [WATCHER]: Processing file changes in outputs
[NX Daemon Server] - 2023-11-14T00:20:27.145Z - [WATCHER]: Processing file changes in outputs
[NX Daemon Server] - 2023-11-14T00:20:27.489Z - [WATCHER]: Processing file changes in outputs
[NX Daemon Server] - 2023-11-14T00:20:27.545Z - [WATCHER]: Processing file changes in outputs
[NX Daemon Server] - 2023-11-14T00:20:27.838Z - [WATCHER]: Processing file changes in outputs
[NX Daemon Server] - 2023-11-14T00:20:27.982Z - [WATCHER]: Processing file changes in outputs
[NX Daemon Server] - 2023-11-14T00:20:28.045Z - [WATCHER]: Processing file changes in outputs
[NX Daemon Server] - 2023-11-14T00:20:28.098Z - [WATCHER]: Processing file changes in outputs
[NX Daemon Server] - 2023-11-14T00:20:28.168Z - [WATCHER]: Processing file changes in outputs
[NX Daemon Server] - 2023-11-14T00:20:28.218Z - [WATCHER]: Processing file changes in outputs
[NX Daemon Server] - 2023-11-14T00:20:28.280Z - [WATCHER]: Processing file changes in outputs
[NX Daemon Server] - 2023-11-14T00:20:28.343Z - [WATCHER]: Processing file changes in outputs
[NX Daemon Server] - 2023-11-14T00:20:28.438Z - [WATCHER]: Processing file changes in outputs
[NX Daemon Server] - 2023-11-14T00:20:28.614Z - [WATCHER]: Processing file changes in outputs
[NX Daemon Server] - 2023-11-14T00:20:28.666Z - [WATCHER]: Processing file changes in outputs
[NX Daemon Server] - 2023-11-14T00:20:28.734Z - [WATCHER]: Processing file changes in outputs
[NX Daemon Server] - 2023-11-14T00:20:28.798Z - [WATCHER]: Processing file changes in outputs
[NX Daemon Server] - 2023-11-14T00:20:28.861Z - [WATCHER]: Processing file changes in outputs
[NX Daemon Server] - 2023-11-14T00:20:29.048Z - [WATCHER]: Processing file changes in outputs
[NX Daemon Server] - 2023-11-14T00:20:30.167Z - [WATCHER]: Processing file changes in outputs
[NX Daemon Server] - 2023-11-14T00:20:30.275Z - [WATCHER]: Processing file changes in outputs
[NX Daemon Server] - 2023-11-14T00:20:30.349Z - [WATCHER]: Processing file changes in outputs
[NX Daemon Server] - 2023-11-14T00:20:30.408Z - [WATCHER]: Processing file changes in outputs
[NX Daemon Server] - 2023-11-14T00:20:30.532Z - [WATCHER]: Processing file changes in outputs
[NX Daemon Server] - 2023-11-14T00:20:30.593Z - [WATCHER]: Processing file changes in outputs
[NX Daemon Server] - 2023-11-14T00:20:30.881Z - [WATCHER]: Processing file changes in outputs
[NX Daemon Server] - 2023-11-14T00:20:31.025Z - [WATCHER]: Processing file changes in outputs
[NX Daemon Server] - 2023-11-14T00:20:31.805Z - [WATCHER]: Processing file changes in outputs
[NX Daemon Server] - 2023-11-14T00:20:32.375Z - [WATCHER]: Processing file changes in outputs
[NX Daemon Server] - 2023-11-14T00:20:32.437Z - [WATCHER]: Processing file changes in outputs
[NX Daemon Server] - 2023-11-14T00:20:32.490Z - [WATCHER]: Processing file changes in outputs
[NX Daemon Server] - 2023-11-14T00:20:32.546Z - [WATCHER]: Processing file changes in outputs
[NX Daemon Server] - 2023-11-14T00:20:32.598Z - [WATCHER]: Processing file changes in outputs
[NX Daemon Server] - 2023-11-14T00:20:32.653Z - [WATCHER]: Processing file changes in outputs
[NX Daemon Server] - 2023-11-14T00:20:32.705Z - [WATCHER]: Processing file changes in outputs
[NX Daemon Server] - 2023-11-14T00:20:32.758Z - [WATCHER]: Processing file changes in outputs
[NX Daemon Server] - 2023-11-14T00:20:32.812Z - [WATCHER]: Processing file changes in outputs
[NX Daemon Server] - 2023-11-14T00:20:32.879Z - [WATCHER]: Processing file changes in outputs
[NX Daemon Server] - 2023-11-14T00:20:32.930Z - [WATCHER]: Processing file changes in outputs
[NX Daemon Server] - 2023-11-14T00:20:33.149Z - [WATCHER]: Processing file changes in outputs
[NX Daemon Server] - 2023-11-14T00:20:33.242Z - [WATCHER]: Processing file changes in outputs
[NX Daemon Server] - 2023-11-14T00:20:33.372Z - [WATCHER]: Processing file changes in outputs
[NX Daemon Server] - 2023-11-14T00:20:33.425Z - [WATCHER]: Processing file changes in outputs
[NX Daemon Server] - 2023-11-14T00:20:33.481Z - [WATCHER]: Processing file changes in outputs
[NX Daemon Server] - 2023-11-14T00:20:33.539Z - [WATCHER]: Processing file changes in outputs
[NX Daemon Server] - 2023-11-14T00:20:33.591Z - [WATCHER]: Processing file changes in outputs
[NX Daemon Server] - 2023-11-14T00:20:33.653Z - [WATCHER]: Processing file changes in outputs
[NX Daemon Server] - 2023-11-14T00:20:33.709Z - [WATCHER]: Processing file changes in outputs
[NX Daemon Server] - 2023-11-14T00:20:33.768Z - [WATCHER]: Processing file changes in outputs
[NX Daemon Server] - 2023-11-14T00:20:33.823Z - [WATCHER]: Processing file changes in outputs
[NX Daemon Server] - 2023-11-14T00:20:33.884Z - [WATCHER]: Processing file changes in outputs
[NX Daemon Server] - 2023-11-14T00:20:33.954Z - [WATCHER]: Processing file changes in outputs
[NX Daemon Server] - 2023-11-14T00:20:34.006Z - [WATCHER]: Processing file changes in outputs
[NX Daemon Server] - 2023-11-14T00:20:34.059Z - [WATCHER]: Processing file changes in outputs
[NX Daemon Server] - 2023-11-14T00:20:34.118Z - [WATCHER]: Processing file changes in outputs
[NX Daemon Server] - 2023-11-14T00:20:34.219Z - [WATCHER]: Processing file changes in outputs
[NX Daemon Server] - 2023-11-14T00:20:34.480Z - [WATCHER]: Processing file changes in outputs
[NX Daemon Server] - 2023-11-14T00:20:34.531Z - [WATCHER]: Processing file changes in outputs
[NX Daemon Server] - 2023-11-14T00:20:34.674Z - [WATCHER]: Processing file changes in outputs
[NX Daemon Server] - 2023-11-14T00:20:34.817Z - [WATCHER]: Processing file changes in outputs
[NX Daemon Server] - 2023-11-14T00:20:34.888Z - [WATCHER]: Processing file changes in outputs
[NX Daemon Server] - 2023-11-14T00:20:34.939Z - [WATCHER]: Processing file changes in outputs
[NX Daemon Server] - 2023-11-14T00:20:34.993Z - [WATCHER]: Processing file changes in outputs
[NX Daemon Server] - 2023-11-14T00:20:35.052Z - [WATCHER]: Processing file changes in outputs
[NX Daemon Server] - 2023-11-14T00:20:35.114Z - [WATCHER]: Processing file changes in outputs
[NX Daemon Server] - 2023-11-14T00:20:35.174Z - [WATCHER]: Processing file changes in outputs
[NX Daemon Server] - 2023-11-14T00:20:35.227Z - [WATCHER]: Processing file changes in outputs
[NX Daemon Server] - 2023-11-14T00:20:35.293Z - [WATCHER]: Processing file changes in outputs
[NX Daemon Server] - 2023-11-14T00:20:35.351Z - [WATCHER]: Processing file changes in outputs
[NX Daemon Server] - 2023-11-14T00:20:35.415Z - [WATCHER]: Processing file changes in outputs
[NX Daemon Server] - 2023-11-14T00:20:35.543Z - [WATCHER]: Processing file changes in outputs
[NX Daemon Server] - 2023-11-14T00:20:35.606Z - [WATCHER]: Processing file changes in outputs
[NX Daemon Server] - 2023-11-14T00:20:35.664Z - [WATCHER]: Processing file changes in outputs
[NX Daemon Server] - 2023-11-14T00:20:35.716Z - [WATCHER]: Processing file changes in outputs
[NX Daemon Server] - 2023-11-14T00:20:35.769Z - [WATCHER]: Processing file changes in outputs
[NX Daemon Server] - 2023-11-14T00:20:35.827Z - [WATCHER]: Processing file changes in outputs
[NX Daemon Server] - 2023-11-14T00:20:35.887Z - [WATCHER]: Processing file changes in outputs
[NX Daemon Server] - 2023-11-14T00:20:35.951Z - [WATCHER]: Processing file changes in outputs
[NX Daemon Server] - 2023-11-14T00:20:36.079Z - [WATCHER]: Processing file changes in outputs
[NX Daemon Server] - 2023-11-14T00:20:36.204Z - [WATCHER]: Processing file changes in outputs
[NX Daemon Server] - 2023-11-14T00:20:36.260Z - [WATCHER]: Processing file changes in outputs
[NX Daemon Server] - 2023-11-14T00:20:36.331Z - [WATCHER]: Processing file changes in outputs
[NX Daemon Server] - 2023-11-14T00:20:36.432Z - [WATCHER]: Processing file changes in outputs
[NX Daemon Server] - 2023-11-14T00:20:36.507Z - [WATCHER]: Processing file changes in outputs
[NX Daemon Server] - 2023-11-14T00:20:36.568Z - [WATCHER]: Processing file changes in outputs
[NX Daemon Server] - 2023-11-14T00:20:36.625Z - [WATCHER]: Processing file changes in outputs
[NX Daemon Server] - 2023-11-14T00:20:36.685Z - [WATCHER]: Processing file changes in outputs
[NX Daemon Server] - 2023-11-14T00:20:36.742Z - [WATCHER]: Processing file changes in outputs
[NX Daemon Server] - 2023-11-14T00:20:36.805Z - [WATCHER]: Processing file changes in outputs
[NX Daemon Server] - 2023-11-14T00:20:36.861Z - [WATCHER]: Processing file changes in outputs
[NX Daemon Server] - 2023-11-14T00:20:36.914Z - [WATCHER]: Processing file changes in outputs
[NX Daemon Server] - 2023-11-14T00:20:36.974Z - [WATCHER]: Processing file changes in outputs
[NX Daemon Server] - 2023-11-14T00:20:37.039Z - [WATCHER]: Processing file changes in outputs
[NX Daemon Server] - 2023-11-14T00:20:37.111Z - [WATCHER]: Processing file changes in outputs
[NX Daemon Server] - 2023-11-14T00:20:37.167Z - [WATCHER]: Processing file changes in outputs
[NX Daemon Server] - 2023-11-14T00:20:37.217Z - [WATCHER]: Processing file changes in outputs
[NX Daemon Server] - 2023-11-14T00:20:37.275Z - [WATCHER]: Processing file changes in outputs
[NX Daemon Server] - 2023-11-14T00:20:37.334Z - [WATCHER]: Processing file changes in outputs
[NX Daemon Server] - 2023-11-14T00:20:37.386Z - [WATCHER]: Processing file changes in outputs
[NX Daemon Server] - 2023-11-14T00:20:37.449Z - [WATCHER]: Processing file changes in outputs
[NX Daemon Server] - 2023-11-14T00:20:37.527Z - [WATCHER]: Processing file changes in outputs
[NX Daemon Server] - 2023-11-14T00:20:37.637Z - [WATCHER]: Processing file changes in outputs
[NX Daemon Server] - 2023-11-14T00:20:37.721Z - [WATCHER]: Processing file changes in outputs
[NX Daemon Server] - 2023-11-14T00:20:37.788Z - [WATCHER]: Processing file changes in outputs
[NX Daemon Server] - 2023-11-14T00:20:37.841Z - [WATCHER]: Processing file changes in outputs
[NX Daemon Server] - 2023-11-14T00:20:37.980Z - [WATCHER]: Processing file changes in outputs
[NX Daemon Server] - 2023-11-14T00:20:38.426Z - [WATCHER]: Processing file changes in outputs
[NX Daemon Server] - 2023-11-14T00:20:38.677Z - [WATCHER]: Processing file changes in outputs
[NX Daemon Server] - 2023-11-14T00:20:38.787Z - [WATCHER]: Processing file changes in outputs
[NX Daemon Server] - 2023-11-14T00:20:38.883Z - [WATCHER]: Processing file changes in outputs
[NX Daemon Server] - 2023-11-14T00:20:39.000Z - [WATCHER]: Processing file changes in outputs
[NX Daemon Server] - 2023-11-14T00:20:39.064Z - [WATCHER]: Processing file changes in outputs
[NX Daemon Server] - 2023-11-14T00:20:39.130Z - [WATCHER]: Processing file changes in outputs
[NX Daemon Server] - 2023-11-14T00:20:39.199Z - [WATCHER]: Processing file changes in outputs
[NX Daemon Server] - 2023-11-14T00:20:39.249Z - [WATCHER]: Processing file changes in outputs
[NX Daemon Server] - 2023-11-14T00:20:39.310Z - [WATCHER]: Processing file changes in outputs
[NX Daemon Server] - 2023-11-14T00:20:39.389Z - [WATCHER]: Processing file changes in outputs
[NX Daemon Server] - 2023-11-14T00:20:39.440Z - [WATCHER]: Processing file changes in outputs
[NX Daemon Server] - 2023-11-14T00:20:39.501Z - [WATCHER]: Processing file changes in outputs
[NX Daemon Server] - 2023-11-14T00:20:39.612Z - [WATCHER]: Processing file changes in outputs
[NX Daemon Server] - 2023-11-14T00:20:39.707Z - [WATCHER]: Processing file changes in outputs
[NX Daemon Server] - 2023-11-14T00:20:39.766Z - [WATCHER]: Processing file changes in outputs
[NX Daemon Server] - 2023-11-14T00:20:39.817Z - [WATCHER]: Processing file changes in outputs
[NX Daemon Server] - 2023-11-14T00:20:39.878Z - [WATCHER]: Processing file changes in outputs
[NX Daemon Server] - 2023-11-14T00:20:39.941Z - [WATCHER]: Processing file changes in outputs
[NX Daemon Server] - 2023-11-14T00:20:40.063Z - [WATCHER]: Processing file changes in outputs
[NX Daemon Server] - 2023-11-14T00:20:40.129Z - [WATCHER]: Processing file changes in outputs
[NX Daemon Server] - 2023-11-14T00:20:40.255Z - [WATCHER]: Processing file changes in outputs
[NX Daemon Server] - 2023-11-14T00:20:40.319Z - [WATCHER]: Processing file changes in outputs
[NX Daemon Server] - 2023-11-14T00:20:40.493Z - [WATCHER]: Processing file changes in outputs
[NX Daemon Server] - 2023-11-14T00:20:40.559Z - [WATCHER]: Processing file changes in outputs
[NX Daemon Server] - 2023-11-14T00:20:40.639Z - [WATCHER]: Processing file changes in outputs
[NX Daemon Server] - 2023-11-14T00:20:40.703Z - [WATCHER]: Processing file changes in outputs
[NX Daemon Server] - 2023-11-14T00:20:40.764Z - [WATCHER]: Processing file changes in outputs
[NX Daemon Server] - 2023-11-14T00:20:40.814Z - [WATCHER]: Processing file changes in outputs
[NX Daemon Server] - 2023-11-14T00:20:40.879Z - [WATCHER]: Processing file changes in outputs
[NX Daemon Server] - 2023-11-14T00:20:42.285Z - [WATCHER]: Processing file changes in outputs
[NX Daemon Server] - 2023-11-14T00:20:42.355Z - [WATCHER]: Processing file changes in outputs
[NX Daemon Server] - 2023-11-14T00:20:42.416Z - [WATCHER]: Processing file changes in outputs
[NX Daemon Server] - 2023-11-14T00:20:42.467Z - [WATCHER]: Processing file changes in outputs
[NX Daemon Server] - 2023-11-14T00:20:42.531Z - [WATCHER]: Processing file changes in outputs
[NX Daemon Server] - 2023-11-14T00:20:42.642Z - [WATCHER]: Processing file changes in outputs
[NX Daemon Server] - 2023-11-14T00:20:43.143Z - [WATCHER]: Processing file changes in outputs
[NX Daemon Server] - 2023-11-14T00:20:43.197Z - [WATCHER]: Processing file changes in outputs
[NX Daemon Server] - 2023-11-14T00:20:43.258Z - [WATCHER]: Processing file changes in outputs
[NX Daemon Server] - 2023-11-14T00:20:43.323Z - [WATCHER]: Processing file changes in outputs
[NX Daemon Server] - 2023-11-14T00:20:43.728Z - [WATCHER]: Processing file changes in outputs
[NX Daemon Server] - 2023-11-14T00:20:43.789Z - [WATCHER]: Processing file changes in outputs
[NX Daemon Server] - 2023-11-14T00:20:43.846Z - [WATCHER]: Processing file changes in outputs
[NX Daemon Server] - 2023-11-14T00:20:43.901Z - [WATCHER]: Processing file changes in outputs
[NX Daemon Server] - 2023-11-14T00:20:43.973Z - [WATCHER]: Processing file changes in outputs
[NX Daemon Server] - 2023-11-14T00:20:44.133Z - [WATCHER]: Processing file changes in outputs
[NX Daemon Server] - 2023-11-14T00:20:44.213Z - [WATCHER]: Processing file changes in outputs
[NX Daemon Server] - 2023-11-14T00:20:44.268Z - [WATCHER]: Processing file changes in outputs
[NX Daemon Server] - 2023-11-14T00:20:44.323Z - [WATCHER]: Processing file changes in outputs
[NX Daemon Server] - 2023-11-14T00:20:44.375Z - [WATCHER]: Processing file changes in outputs
[NX Daemon Server] - 2023-11-14T00:20:44.435Z - [WATCHER]: Processing file changes in outputs
[NX Daemon Server] - 2023-11-14T00:20:44.506Z - [WATCHER]: Processing file changes in outputs
[NX Daemon Server] - 2023-11-14T00:20:44.557Z - [WATCHER]: Processing file changes in outputs
[NX Daemon Server] - 2023-11-14T00:20:44.610Z - [WATCHER]: Processing file changes in outputs
[NX Daemon Server] - 2023-11-14T00:20:44.669Z - [WATCHER]: Processing file changes in outputs
[NX Daemon Server] - 2023-11-14T00:20:44.723Z - [WATCHER]: Processing file changes in outputs
[NX Daemon Server] - 2023-11-14T00:20:44.789Z - [WATCHER]: Processing file changes in outputs
[NX Daemon Server] - 2023-11-14T00:20:44.846Z - [WATCHER]: Processing file changes in outputs
[NX Daemon Server] - 2023-11-14T00:20:44.905Z - [WATCHER]: Processing file changes in outputs
[NX Daemon Server] - 2023-11-14T00:20:44.960Z - [WATCHER]: Processing file changes in outputs
[NX Daemon Server] - 2023-11-14T00:20:45.016Z - [WATCHER]: Processing file changes in outputs
[NX Daemon Server] - 2023-11-14T00:20:45.069Z - [WATCHER]: Processing file changes in outputs
[NX Daemon Server] - 2023-11-14T00:20:45.130Z - [WATCHER]: Processing file changes in outputs
[NX Daemon Server] - 2023-11-14T00:20:45.192Z - [WATCHER]: Processing file changes in outputs
[NX Daemon Server] - 2023-11-14T00:23:40.995Z - Closed a connection. Number of open connections: 1
[NX Daemon Server] - 2023-11-14T00:23:41.076Z - [REQUEST]: Responding to the client. recordOutputsHash
[NX Daemon Server] - 2023-11-14T00:23:41.076Z - Done responding to the client recordOutputsHash
[NX Daemon Server] - 2023-11-14T00:23:41.076Z - Handled RECORD_OUTPUTS_HASH. Handling time: 0. Response time: 0.
[NX Daemon Server] - 2023-11-14T00:23:41.086Z - Closed a connection. Number of open connections: 0
[NX Daemon Server] - 2023-11-14T00:23:49.730Z - Established a connection. Number of open connections: 1
[NX Daemon Server] - 2023-11-14T00:23:49.730Z - Closed a connection. Number of open connections: 0
[NX Daemon Server] - 2023-11-14T00:23:49.736Z - Established a connection. Number of open connections: 1
[NX Daemon Server] - 2023-11-14T00:23:49.737Z - [REQUEST]: Client Request for Project Graph Received
[NX Daemon Server] - 2023-11-14T00:23:49.737Z - [REQUEST]: Responding to the client. project-graph
[NX Daemon Server] - 2023-11-14T00:23:49.740Z - Time taken for 'total for creating and serializing project graph' 0.26919999718666077ms
[NX Daemon Server] - 2023-11-14T00:23:49.740Z - Done responding to the client project-graph
[NX Daemon Server] - 2023-11-14T00:23:49.740Z - Handled REQUEST_PROJECT_GRAPH. Handling time: 1. Response time: 3.
[NX Daemon Server] - 2023-11-14T00:23:49.877Z - [REQUEST]: Responding to the client. handleHashTasks
[NX Daemon Server] - 2023-11-14T00:23:49.878Z - Done responding to the client handleHashTasks
[NX Daemon Server] - 2023-11-14T00:23:49.878Z - Handled HASH_TASKS. Handling time: 86. Response time: 1.
[NX Daemon Server] - 2023-11-14T00:23:50.579Z - Established a connection. Number of open connections: 2
[NX Daemon Server] - 2023-11-14T00:23:50.580Z - Closed a connection. Number of open connections: 1
[NX Daemon Server] - 2023-11-14T00:23:50.581Z - Established a connection. Number of open connections: 2
[NX Daemon Server] - 2023-11-14T00:23:50.583Z - [REQUEST]: Client Request for Project Graph Received
[NX Daemon Server] - 2023-11-14T00:23:50.583Z - [REQUEST]: Responding to the client. project-graph
[NX Daemon Server] - 2023-11-14T00:23:50.586Z - Time taken for 'total for creating and serializing project graph' 0.15829998254776ms
[NX Daemon Server] - 2023-11-14T00:23:50.586Z - Done responding to the client project-graph
[NX Daemon Server] - 2023-11-14T00:23:50.586Z - Handled REQUEST_PROJECT_GRAPH. Handling time: 0. Response time: 3.
[NX Daemon Server] - 2023-11-14T00:23:57.751Z - [WATCHER]: Processing file changes in outputs
[NX Daemon Server] - 2023-11-14T00:23:57.752Z - [WATCHER]: frontend/ui/documentation.json was modified
[NX Daemon Server] - 2023-11-14T00:23:57.898Z - [REQUEST]: Updated file-hasher based on watched changes, recomputing project graph...
[NX Daemon Server] - 2023-11-14T00:23:57.898Z - [REQUEST]: frontend/ui/documentation.json
[NX Daemon Server] - 2023-11-14T00:23:57.898Z - [REQUEST]: 
[NX Daemon Server] - 2023-11-14T00:23:58.014Z - Time taken for 'hash changed files from watcher' 1.6157000064849854ms
[NX Daemon Server] - 2023-11-14T00:27:30.086Z - Closed a connection. Number of open connections: 1
[NX Daemon Server] - 2023-11-14T00:27:30.155Z - [REQUEST]: Responding to the client. recordOutputsHash
[NX Daemon Server] - 2023-11-14T00:27:30.155Z - Done responding to the client recordOutputsHash
[NX Daemon Server] - 2023-11-14T00:27:30.155Z - Handled RECORD_OUTPUTS_HASH. Handling time: 0. Response time: 0.
[NX Daemon Server] - 2023-11-14T00:27:30.164Z - Closed a connection. Number of open connections: 0
[NX Daemon Server] - 2023-11-14T00:27:32.617Z - Established a connection. Number of open connections: 1
[NX Daemon Server] - 2023-11-14T00:27:32.617Z - Closed a connection. Number of open connections: 0
[NX Daemon Server] - 2023-11-14T00:27:32.618Z - Established a connection. Number of open connections: 1
[NX Daemon Server] - 2023-11-14T00:27:32.620Z - [REQUEST]: Client Request for Project Graph Received
[NX Daemon Server] - 2023-11-14T00:27:32.620Z - [REQUEST]: Responding to the client. project-graph
[NX Daemon Server] - 2023-11-14T00:27:32.623Z - Time taken for 'total for creating and serializing project graph' 0.19339999556541443ms
[NX Daemon Server] - 2023-11-14T00:27:32.623Z - Done responding to the client project-graph
[NX Daemon Server] - 2023-11-14T00:27:32.623Z - Handled REQUEST_PROJECT_GRAPH. Handling time: 0. Response time: 3.
[NX Daemon Server] - 2023-11-14T00:27:32.706Z - [REQUEST]: Responding to the client. handleHashTasks
[NX Daemon Server] - 2023-11-14T00:27:32.706Z - Done responding to the client handleHashTasks
[NX Daemon Server] - 2023-11-14T00:27:32.706Z - Handled HASH_TASKS. Handling time: 49. Response time: 0.
[NX Daemon Server] - 2023-11-14T00:27:33.296Z - Established a connection. Number of open connections: 2
[NX Daemon Server] - 2023-11-14T00:27:33.297Z - Closed a connection. Number of open connections: 1
[NX Daemon Server] - 2023-11-14T00:27:33.298Z - Established a connection. Number of open connections: 2
[NX Daemon Server] - 2023-11-14T00:27:33.299Z - [REQUEST]: Client Request for Project Graph Received
[NX Daemon Server] - 2023-11-14T00:27:33.299Z - [REQUEST]: Responding to the client. project-graph
[NX Daemon Server] - 2023-11-14T00:27:33.302Z - Time taken for 'total for creating and serializing project graph' 0.13989999890327454ms
[NX Daemon Server] - 2023-11-14T00:27:33.302Z - Done responding to the client project-graph
[NX Daemon Server] - 2023-11-14T00:27:33.302Z - Handled REQUEST_PROJECT_GRAPH. Handling time: 0. Response time: 3.
[NX Daemon Server] - 2023-11-14T00:27:39.358Z - [WATCHER]: Processing file changes in outputs
[NX Daemon Server] - 2023-11-14T00:27:39.359Z - [WATCHER]: frontend/ui/documentation.json was modified
[NX Daemon Server] - 2023-11-14T00:27:39.495Z - [REQUEST]: Updated file-hasher based on watched changes, recomputing project graph...
[NX Daemon Server] - 2023-11-14T00:27:39.495Z - [REQUEST]: frontend/ui/documentation.json
[NX Daemon Server] - 2023-11-14T00:27:39.495Z - [REQUEST]: 
[NX Daemon Server] - 2023-11-14T00:27:39.614Z - Time taken for 'hash changed files from watcher' 0.912200003862381ms
[NX Daemon Server] - 2023-11-14T00:27:50.505Z - [WATCHER]: Processing file changes in outputs
[NX Daemon Server] - 2023-11-14T00:29:11.339Z - Closed a connection. Number of open connections: 1
[NX Daemon Server] - 2023-11-14T00:29:11.341Z - Closed a connection. Number of open connections: 0
[NX Daemon Server] - 2023-11-14T00:29:18.748Z - Established a connection. Number of open connections: 1
[NX Daemon Server] - 2023-11-14T00:29:18.748Z - Closed a connection. Number of open connections: 0
[NX Daemon Server] - 2023-11-14T00:29:18.749Z - Established a connection. Number of open connections: 1
[NX Daemon Server] - 2023-11-14T00:29:18.751Z - [REQUEST]: Client Request for Project Graph Received
[NX Daemon Server] - 2023-11-14T00:29:18.751Z - [REQUEST]: Responding to the client. project-graph
[NX Daemon Server] - 2023-11-14T00:29:18.754Z - Time taken for 'total for creating and serializing project graph' 0.2493000030517578ms
[NX Daemon Server] - 2023-11-14T00:29:18.755Z - Done responding to the client project-graph
[NX Daemon Server] - 2023-11-14T00:29:18.755Z - Handled REQUEST_PROJECT_GRAPH. Handling time: 0. Response time: 4.
[NX Daemon Server] - 2023-11-14T00:29:18.850Z - [REQUEST]: Responding to the client. handleHashTasks
[NX Daemon Server] - 2023-11-14T00:29:18.851Z - Done responding to the client handleHashTasks
[NX Daemon Server] - 2023-11-14T00:29:18.851Z - Handled HASH_TASKS. Handling time: 55. Response time: 1.
[NX Daemon Server] - 2023-11-14T00:29:19.436Z - Established a connection. Number of open connections: 2
[NX Daemon Server] - 2023-11-14T00:29:19.437Z - Closed a connection. Number of open connections: 1
[NX Daemon Server] - 2023-11-14T00:29:19.438Z - Established a connection. Number of open connections: 2
[NX Daemon Server] - 2023-11-14T00:29:19.440Z - [REQUEST]: Client Request for Project Graph Received
[NX Daemon Server] - 2023-11-14T00:29:19.440Z - [REQUEST]: Responding to the client. project-graph
[NX Daemon Server] - 2023-11-14T00:29:19.444Z - Time taken for 'total for creating and serializing project graph' 0.4668000042438507ms
[NX Daemon Server] - 2023-11-14T00:29:19.444Z - Done responding to the client project-graph
[NX Daemon Server] - 2023-11-14T00:29:19.444Z - Handled REQUEST_PROJECT_GRAPH. Handling time: 0. Response time: 4.
[NX Daemon Server] - 2023-11-14T00:29:27.597Z - [WATCHER]: Processing file changes in outputs
[NX Daemon Server] - 2023-11-14T00:29:30.236Z - [WATCHER]: Processing file changes in outputs
[NX Daemon Server] - 2023-11-14T00:29:30.348Z - [WATCHER]: Processing file changes in outputs
[NX Daemon Server] - 2023-11-14T00:29:45.093Z - Closed a connection. Number of open connections: 1
[NX Daemon Server] - 2023-11-14T00:29:45.160Z - Closed a connection. Number of open connections: 0
[NX Daemon Server] - 2023-11-14T00:29:53.595Z - Established a connection. Number of open connections: 1
[NX Daemon Server] - 2023-11-14T00:29:53.596Z - Closed a connection. Number of open connections: 0
[NX Daemon Server] - 2023-11-14T00:29:53.597Z - Established a connection. Number of open connections: 1
[NX Daemon Server] - 2023-11-14T00:29:53.599Z - [REQUEST]: Client Request for Project Graph Received
[NX Daemon Server] - 2023-11-14T00:29:53.599Z - [REQUEST]: Responding to the client. project-graph
[NX Daemon Server] - 2023-11-14T00:29:53.601Z - Time taken for 'total for creating and serializing project graph' 0.1403999924659729ms
[NX Daemon Server] - 2023-11-14T00:29:53.601Z - Done responding to the client project-graph
[NX Daemon Server] - 2023-11-14T00:29:53.602Z - Handled REQUEST_PROJECT_GRAPH. Handling time: 0. Response time: 3.
[NX Daemon Server] - 2023-11-14T00:29:53.650Z - [REQUEST]: Responding to the client. handleHashTasks
[NX Daemon Server] - 2023-11-14T00:29:53.650Z - Done responding to the client handleHashTasks
[NX Daemon Server] - 2023-11-14T00:29:53.650Z - Handled HASH_TASKS. Handling time: 5. Response time: 0.
[NX Daemon Server] - 2023-11-14T00:29:58.292Z - [WATCHER]: Processing file changes in outputs
[NX Daemon Server] - 2023-11-14T00:30:11.555Z - [WATCHER]: Processing file changes in outputs
[NX Daemon Server] - 2023-11-14T00:31:36.524Z - Closed a connection. Number of open connections: 0
[NX Daemon Server] - 2023-11-14T19:32:46.621Z - Started listening on: \\.\pipe\nx\C:\Users\David\AppData\Local\Temp\1333570d747707fc9927\d.sock
[NX Daemon Server] - 2023-11-14T19:32:46.632Z - [WATCHER]: Subscribed to changes within: c:\projects\Comevent (native)
[NX Daemon Server] - 2023-11-14T19:32:46.634Z - Established a connection. Number of open connections: 1
[NX Daemon Server] - 2023-11-14T19:32:46.636Z - Closed a connection. Number of open connections: 0
[NX Daemon Server] - 2023-11-14T19:32:46.636Z - Established a connection. Number of open connections: 1
[NX Daemon Server] - 2023-11-14T19:32:46.639Z - [REQUEST]: Client Request for Project Graph Received
[NX Daemon Server] - 2023-11-14T19:32:47.865Z - [REQUEST]: Updated file-hasher based on watched changes, recomputing project graph...
[NX Daemon Server] - 2023-11-14T19:32:47.865Z - [REQUEST]: 
[NX Daemon Server] - 2023-11-14T19:32:47.865Z - [REQUEST]: 
[NX Daemon Server] - 2023-11-14T19:32:47.958Z - [REQUEST]: Responding to the client. project-graph
[NX Daemon Server] - 2023-11-14T19:32:47.960Z - Time taken for 'total for creating and serializing project graph' 1319.64050000906ms
[NX Daemon Server] - 2023-11-14T19:32:47.961Z - Done responding to the client project-graph
[NX Daemon Server] - 2023-11-14T19:32:47.961Z - Handled REQUEST_PROJECT_GRAPH. Handling time: 1320. Response time: 3.
[NX Daemon Server] - 2023-11-14T19:32:47.968Z - Closed a connection. Number of open connections: 0
[NX Daemon Server] - 2023-11-14T19:32:47.969Z - Established a connection. Number of open connections: 1
[NX Daemon Server] - 2023-11-14T19:32:47.970Z - Closed a connection. Number of open connections: 0
[NX Daemon Server] - 2023-11-14T19:32:47.970Z - Established a connection. Number of open connections: 1
[NX Daemon Server] - 2023-11-14T19:32:47.972Z - [REQUEST]: Responding to the client. handleRequestFileData
[NX Daemon Server] - 2023-11-14T19:32:47.973Z - Done responding to the client handleRequestFileData
[NX Daemon Server] - 2023-11-14T19:32:47.973Z - Handled REQUEST_FILE_DATA. Handling time: 1. Response time: 1.
[NX Daemon Server] - 2023-11-14T19:33:28.959Z - Established a connection. Number of open connections: 2
[NX Daemon Server] - 2023-11-14T19:33:28.960Z - Closed a connection. Number of open connections: 1
[NX Daemon Server] - 2023-11-14T19:33:28.961Z - Established a connection. Number of open connections: 2
[NX Daemon Server] - 2023-11-14T19:33:28.964Z - [REQUEST]: Client Request for Project Graph Received
[NX Daemon Server] - 2023-11-14T19:33:28.964Z - [REQUEST]: Responding to the client. project-graph
[NX Daemon Server] - 2023-11-14T19:33:28.966Z - Time taken for 'total for creating and serializing project graph' 0.26350000500679016ms
[NX Daemon Server] - 2023-11-14T19:33:28.967Z - Done responding to the client project-graph
[NX Daemon Server] - 2023-11-14T19:33:28.967Z - Handled REQUEST_PROJECT_GRAPH. Handling time: 0. Response time: 3.
[NX Daemon Server] - 2023-11-14T19:33:29.078Z - [REQUEST]: Responding to the client. handleHashTasks
[NX Daemon Server] - 2023-11-14T19:33:29.078Z - Done responding to the client handleHashTasks
[NX Daemon Server] - 2023-11-14T19:33:29.078Z - Handled HASH_TASKS. Handling time: 58. Response time: 0.
[NX Daemon Server] - 2023-11-14T19:33:34.406Z - Established a connection. Number of open connections: 3
[NX Daemon Server] - 2023-11-14T19:33:34.406Z - Closed a connection. Number of open connections: 2
[NX Daemon Server] - 2023-11-14T19:33:34.407Z - Established a connection. Number of open connections: 3
[NX Daemon Server] - 2023-11-14T19:33:34.409Z - [REQUEST]: Client Request for Project Graph Received
[NX Daemon Server] - 2023-11-14T19:33:34.409Z - [REQUEST]: Responding to the client. project-graph
[NX Daemon Server] - 2023-11-14T19:33:34.411Z - Time taken for 'total for creating and serializing project graph' 0.14309999346733093ms
[NX Daemon Server] - 2023-11-14T19:33:34.411Z - Done responding to the client project-graph
[NX Daemon Server] - 2023-11-14T19:33:34.411Z - Handled REQUEST_PROJECT_GRAPH. Handling time: 0. Response time: 2.
[NX Daemon Server] - 2023-11-14T19:51:59.155Z - [WATCHER]: Processing file changes in outputs
[NX Daemon Server] - 2023-11-14T19:51:59.157Z - [WATCHER]: frontend/app/src/common/layouts/core-layout/components/organisms/nav/nav.component.scss was modified
[NX Daemon Server] - 2023-11-14T19:51:59.299Z - [REQUEST]: Updated file-hasher based on watched changes, recomputing project graph...
[NX Daemon Server] - 2023-11-14T19:51:59.299Z - [REQUEST]: frontend/app/src/common/layouts/core-layout/components/organisms/nav/nav.component.scss
[NX Daemon Server] - 2023-11-14T19:51:59.299Z - [REQUEST]: 
[NX Daemon Server] - 2023-11-14T19:51:59.627Z - Time taken for 'hash changed files from watcher' 9.28319999575615ms
